<?xml version="1.0" encoding="utf-8"?><testsuites name="pytest tests"><testsuite name="pytest" errors="0" failures="1" skipped="0" tests="1" time="63.275" timestamp="2026-01-31T20:47:53.746430+00:00" hostname="runnervmkj6or"><testcase classname="tests.test_analyzer" name="test_reproducibility" time="60.002"><failure message="Failed: Timeout (&gt;60.0s) from pytest-timeout.">tests/test_analyzer.py:116: in test_reproducibility
    results1 = analyzer.run()
               ^^^^^^^^^^^^^^
strepsuis_phylotrait/analyzer.py:117: in run
    self._execute_analysis()
strepsuis_phylotrait/analyzer.py:246: in _execute_analysis
    phylo_module.main(
strepsuis_phylotrait/phylo_analysis_core.py:3875: in main
    final_results = analysis.run_complete_analysis()
                    ^^^^^^^^^^^^^^^^^^^^^^^^^^^^^^^^
strepsuis_phylotrait/phylo_analysis_core.py:3574: in run_complete_analysis
    self.test_multiple_clustering_methods(tree_clustering, distance_matrix)
strepsuis_phylotrait/phylo_analysis_core.py:3390: in test_multiple_clustering_methods
    tree_clustering._auto_threshold_sum(conservative_factor=5.0)
strepsuis_phylotrait/phylo_analysis_core.py:977: in _auto_threshold_sum
    dist = self.tree.distance(leaf1, leaf2)
           ^^^^^^^^^^^^^^^^^^^^^^^^^^^^^^^^
../../../.local/lib/python3.12/site-packages/Bio/Phylo/BaseTree.py:496: in distance
    mrca = self.common_ancestor(target1, target2)
           ^^^^^^^^^^^^^^^^^^^^^^^^^^^^^^^^^^^^^^
../../../.local/lib/python3.12/site-packages/Bio/Phylo/BaseTree.py:435: in common_ancestor
    paths = [self.get_path(t) for t in _combine_args(targets, *more_targets)]
             ^^^^^^^^^^^^^^^^
../../../.local/lib/python3.12/site-packages/Bio/Phylo/BaseTree.py:402: in get_path
    if not check_in_path(self.root):
           ^^^^^^^^^^^^^^^^^^^^^^^^
../../../.local/lib/python3.12/site-packages/Bio/Phylo/BaseTree.py:397: in check_in_path
    if check_in_path(child):
       ^^^^^^^^^^^^^^^^^^^^
../../../.local/lib/python3.12/site-packages/Bio/Phylo/BaseTree.py:397: in check_in_path
    if check_in_path(child):
       ^^^^^^^^^^^^^^^^^^^^
../../../.local/lib/python3.12/site-packages/Bio/Phylo/BaseTree.py:397: in check_in_path
    if check_in_path(child):
       ^^^^^^^^^^^^^^^^^^^^
../../../.local/lib/python3.12/site-packages/Bio/Phylo/BaseTree.py:397: in check_in_path
    if check_in_path(child):
       ^^^^^^^^^^^^^^^^^^^^
../../../.local/lib/python3.12/site-packages/Bio/Phylo/BaseTree.py:397: in check_in_path
    if check_in_path(child):
       ^^^^^^^^^^^^^^^^^^^^
../../../.local/lib/python3.12/site-packages/Bio/Phylo/BaseTree.py:397: in check_in_path
    if check_in_path(child):
       ^^^^^^^^^^^^^^^^^^^^
../../../.local/lib/python3.12/site-packages/Bio/Phylo/BaseTree.py:394: in check_in_path
    elif v.is_terminal():
         ^^^^^^^^^^^^^^^
../../../.local/lib/python3.12/site-packages/Bio/Phylo/BaseTree.py:1053: in is_terminal
    def is_terminal(self):
E   Failed: Timeout (&gt;60.0s) from pytest-timeout.</failure></testcase></testsuite></testsuites>