<?xml version="1.0" encoding="utf-8"?><testsuites name="pytest tests"><testsuite name="pytest" errors="3" failures="0" skipped="20" tests="323" time="1696.781" timestamp="2026-01-31T10:09:12.284898+01:00" hostname="LAPTOP-302"><testcase classname="tests.test_analysis_pipeline.TestPhylogeneticAnalysisExtended" name="test_determine_adaptive_cluster_range_with_structure" time="0.164" /><testcase classname="tests.test_analysis_pipeline.TestPhylogeneticAnalysisExtended" name="test_determine_optimal_clusters_various_k" time="0.152" /><testcase classname="tests.test_analysis_pipeline.TestTreeAwareClusteringExtended" name="test_tree_cluster_algorithm_methods" time="2.658" /><testcase classname="tests.test_analysis_pipeline.TestTreeAwareClusteringExtended" name="test_merge_clusters" time="0.001" /><testcase classname="tests.test_analysis_pipeline.TestEvolutionaryAnalysisExtended" name="test_analyze_cluster_evolution" time="0.002" /><testcase classname="tests.test_analysis_pipeline.TestEvolutionaryAnalysisExtended" name="test_sister_clade_differences" time="0.003" /><testcase classname="tests.test_analysis_pipeline.TestEvolutionaryAnalysisExtended" name="test_expected_scd_random" time="0.000" /><testcase classname="tests.test_analysis_pipeline.TestEvolutionaryAnalysisExtended" name="test_expected_scd_brownian" time="0.001" /><testcase classname="tests.test_analysis_pipeline.TestDataLoaderExtended" name="test_load_and_merge_data_with_real_data" time="0.134" /><testcase classname="tests.test_analyzer" name="test_analyzer_initialization" time="0.008" /><testcase classname="tests.test_analyzer" name="test_analyzer_initialization_with_config" time="0.002" /><testcase classname="tests.test_analyzer" name="test_load_data" time="0.002" /><testcase classname="tests.test_analyzer" name="test_analysis_execution" time="0.147" /><testcase classname="tests.test_analyzer" name="test_output_generation" time="0.021" /><testcase classname="tests.test_analyzer" name="test_analyzer_with_bootstrap" time="0.002" /><testcase classname="tests.test_analyzer" name="test_analyzer_with_fdr_alpha" time="0.002" /><testcase classname="tests.test_analyzer" name="test_analyzer_invalid_data_dir" time="0.001" /><testcase classname="tests.test_analyzer" name="test_generate_report_without_results" time="0.002" /><testcase classname="tests.test_analyzer" name="test_reproducibility" time="415.815" /><testcase classname="tests.test_analyzer" name="test_empty_data_handling" time="0.002" /><testcase classname="tests.test_analyzer" name="test_multiple_runs" time="0.023" /><testcase classname="tests.test_analyzer" name="test_output_directory_creation" time="0.002" /><testcase classname="tests.test_analyzer_coverage.TestAnalyzer" name="test_analyzer_initialization" time="0.000"><skipped type="pytest.skip" message="Not available">C:\Users\ABC\Documents\GitHub\MKrep\separated_repos\strepsuis-phylotrait\tests\test_analyzer_coverage.py:38: Not available</skipped></testcase><testcase classname="tests.test_analyzer_coverage.TestAnalyzer" name="test_analyzer_load_data" time="0.000"><skipped type="pytest.skip" message="Not available">C:\Users\ABC\Documents\GitHub\MKrep\separated_repos\strepsuis-phylotrait\tests\test_analyzer_coverage.py:50: Not available</skipped></testcase><testcase classname="tests.test_analyzer_coverage.TestAnalyzer" name="test_analyzer_run" time="0.000"><skipped type="pytest.skip" message="Not available">C:\Users\ABC\Documents\GitHub\MKrep\separated_repos\strepsuis-phylotrait\tests\test_analyzer_coverage.py:65: Not available</skipped></testcase><testcase classname="tests.test_analyzer_full.TestAnalyzerFull" name="test_analyzer_init_with_real_data" time="0.000"><skipped type="pytest.skip" message="Not available">C:\Users\ABC\Documents\GitHub\MKrep\separated_repos\strepsuis-phylotrait\tests\test_analyzer_full.py:33: Not available</skipped></testcase><testcase classname="tests.test_analyzer_full.TestAnalyzerFull" name="test_analyzer_load_data" time="0.000"><skipped type="pytest.skip" message="Not available">C:\Users\ABC\Documents\GitHub\MKrep\separated_repos\strepsuis-phylotrait\tests\test_analyzer_full.py:51: Not available</skipped></testcase><testcase classname="tests.test_analyzer_full.TestAnalyzerFull" name="test_analyzer_run_analysis" time="0.000"><skipped type="pytest.skip" message="Not available">C:\Users\ABC\Documents\GitHub\MKrep\separated_repos\strepsuis-phylotrait\tests\test_analyzer_full.py:75: Not available</skipped></testcase><testcase classname="tests.test_analyzer_full.TestAnalyzerFull" name="test_analyzer_generate_report" time="0.000"><skipped type="pytest.skip" message="Not available">C:\Users\ABC\Documents\GitHub\MKrep\separated_repos\strepsuis-phylotrait\tests\test_analyzer_full.py:97: Not available</skipped></testcase><testcase classname="tests.test_analyzer_methods.TestAnalyzerInit" name="test_init_basic" time="0.000"><skipped type="pytest.skip" message="Not available">C:\Users\ABC\Documents\GitHub\MKrep\separated_repos\strepsuis-phylotrait\tests\test_analyzer_methods.py:33: Not available</skipped></testcase><testcase classname="tests.test_analyzer_methods.TestAnalyzerInit" name="test_init_with_config" time="0.000"><skipped type="pytest.skip" message="Not available">C:\Users\ABC\Documents\GitHub\MKrep\separated_repos\strepsuis-phylotrait\tests\test_analyzer_methods.py:45: Not available</skipped></testcase><testcase classname="tests.test_analyzer_methods.TestAnalyzerMethods" name="test_load_data" time="0.000"><skipped type="pytest.skip" message="Not available">C:\Users\ABC\Documents\GitHub\MKrep\separated_repos\strepsuis-phylotrait\tests\test_analyzer_methods.py:64: Not available</skipped></testcase><testcase classname="tests.test_analyzer_methods.TestAnalyzerMethods" name="test_run_analysis" time="0.000"><skipped type="pytest.skip" message="Not available">C:\Users\ABC\Documents\GitHub\MKrep\separated_repos\strepsuis-phylotrait\tests\test_analyzer_methods.py:84: Not available</skipped></testcase><testcase classname="tests.test_analyzer_methods.TestAnalyzerMethods" name="test_generate_report" time="0.000"><skipped type="pytest.skip" message="Not available">C:\Users\ABC\Documents\GitHub\MKrep\separated_repos\strepsuis-phylotrait\tests\test_analyzer_methods.py:106: Not available</skipped></testcase><testcase classname="tests.test_analyzer_phylo.TestPhyloTraitAnalyzerInit" name="test_init_default" time="0.000" /><testcase classname="tests.test_analyzer_phylo.TestPhyloTraitAnalyzerInit" name="test_init_with_config" time="0.000" /><testcase classname="tests.test_analyzer_phylo.TestPhyloTraitAnalyzerInit" name="test_init_with_kwargs" time="0.000" /><testcase classname="tests.test_analyzer_phylo.TestPhyloTraitAnalyzerRun" name="test_run_missing_data_dir" time="0.000" /><testcase classname="tests.test_analyzer_phylo.TestPhyloTraitAnalyzerRun" name="test_run_with_real_data" time="227.899" /><testcase classname="tests.test_basic" name="test_version" time="0.000" /><testcase classname="tests.test_basic" name="test_imports" time="0.000" /><testcase classname="tests.test_basic" name="test_config_initialization" time="0.001" /><testcase classname="tests.test_basic" name="test_analyzer_initialization" time="0.001" /><testcase classname="tests.test_basic" name="test_example_data_exists" time="0.000" /><testcase classname="tests.test_basic_functions.TestBasicDataOperations" name="test_dataframe_creation" time="0.000" /><testcase classname="tests.test_basic_functions.TestBasicDataOperations" name="test_binary_data_validation" time="0.001" /><testcase classname="tests.test_basic_functions.TestBasicDataOperations" name="test_distance_matrix_creation" time="0.000" /><testcase classname="tests.test_basic_functions.TestBasicDataOperations" name="test_cluster_labels_creation" time="0.000" /><testcase classname="tests.test_basic_functions.TestFileOperations" name="test_csv_save_and_load" time="0.003" /><testcase classname="tests.test_basic_functions.TestFileOperations" name="test_folder_creation" time="0.001" /><testcase classname="tests.test_basic_functions.TestFileOperations" name="test_newick_file_creation" time="0.001" /><testcase classname="tests.test_basic_functions.TestStatisticalOperations" name="test_mean_calculation" time="0.000" /><testcase classname="tests.test_basic_functions.TestStatisticalOperations" name="test_std_calculation" time="0.000" /><testcase classname="tests.test_basic_functions.TestStatisticalOperations" name="test_correlation_calculation" time="0.000" /><testcase classname="tests.test_basic_functions.TestStatisticalOperations" name="test_percentile_calculation" time="0.000" /><testcase classname="tests.test_basic_functions.TestClusteringOperations" name="test_hamming_distance" time="0.000" /><testcase classname="tests.test_basic_functions.TestClusteringOperations" name="test_silhouette_like_metric" time="0.000" /><testcase classname="tests.test_basic_functions.TestBioPhyloCompatibility" name="test_biopython_import" time="0.000" /><testcase classname="tests.test_basic_functions.TestBioPhyloCompatibility" name="test_tree_structure" time="0.000" /><testcase classname="tests.test_cli" name="test_cli_help" time="0.002" /><testcase classname="tests.test_cli" name="test_cli_version" time="0.001" /><testcase classname="tests.test_cli" name="test_cli_missing_required_args" time="0.001" /><testcase classname="tests.test_cli" name="test_cli_with_valid_args" time="0.016" /><testcase classname="tests.test_cli" name="test_cli_with_bootstrap_option" time="0.014" /><testcase classname="tests.test_cli" name="test_cli_with_fdr_alpha_option" time="0.014" /><testcase classname="tests.test_cli" name="test_cli_with_verbose_option" time="0.013" /><testcase classname="tests.test_cli" name="test_cli_with_invalid_data_dir" time="0.001" /><testcase classname="tests.test_cli_coverage.TestCLI" name="test_create_parser" time="0.000"><skipped type="pytest.skip" message="Not available">C:\Users\ABC\Documents\GitHub\MKrep\separated_repos\strepsuis-phylotrait\tests\test_cli_coverage.py:24: Not available</skipped></testcase><testcase classname="tests.test_cli_coverage.TestCLI" name="test_main_help" time="0.000"><skipped type="pytest.skip" message="Not available">C:\Users\ABC\Documents\GitHub\MKrep\separated_repos\strepsuis-phylotrait\tests\test_cli_coverage.py:30: Not available</skipped></testcase><testcase classname="tests.test_cli_coverage.TestCLI" name="test_main_version" time="0.000"><skipped type="pytest.skip" message="Not available">C:\Users\ABC\Documents\GitHub\MKrep\separated_repos\strepsuis-phylotrait\tests\test_cli_coverage.py:37: Not available</skipped></testcase><testcase classname="tests.test_cli_coverage.TestCLI" name="test_main_no_args" time="0.000"><skipped type="pytest.skip" message="Not available">C:\Users\ABC\Documents\GitHub\MKrep\separated_repos\strepsuis-phylotrait\tests\test_cli_coverage.py:46: Not available</skipped></testcase><testcase classname="tests.test_cli_full.TestCLIFull" name="test_cli_import" time="0.000" /><testcase classname="tests.test_cli_full.TestCLIFull" name="test_cli_main_function_exists" time="0.000" /><testcase classname="tests.test_cli_full.TestCLIFull" name="test_cli_help" time="0.001" /><testcase classname="tests.test_cli_full.TestCLIFull" name="test_cli_version" time="0.001" /><testcase classname="tests.test_cli_full.TestCLIFull" name="test_cli_with_data_dir" time="0.112" /><testcase classname="tests.test_cli_full.TestCLIFull" name="test_cli_invalid_args" time="0.001" /><testcase classname="tests.test_cli_methods.TestCLIBasic" name="test_import" time="0.000" /><testcase classname="tests.test_cli_methods.TestCLIBasic" name="test_main_exists" time="0.000" /><testcase classname="tests.test_cli_methods.TestCLIBasic" name="test_help" time="0.001" /><testcase classname="tests.test_cli_methods.TestCLIBasic" name="test_version" time="0.001" /><testcase classname="tests.test_cli_methods.TestCLIBasic" name="test_invalid_args" time="0.001" /><testcase classname="tests.test_cli_methods.TestCLIWithData" name="test_with_data_dir" time="0.161" /><testcase classname="tests.test_cli_methods.TestCLIWithData" name="test_with_tree_file" time="0.154" /><testcase classname="tests.test_cli_methods.TestCLIWithData" name="test_with_n_clusters" time="0.176" /><testcase classname="tests.test_cli_phylo.TestCLIModule" name="test_cli_module_import" time="0.000" /><testcase classname="tests.test_cli_phylo.TestCLIModule" name="test_cli_has_main" time="0.000" /><testcase classname="tests.test_cli_phylo.TestCLIArgumentParser" name="test_help_flag" time="0.001" /><testcase classname="tests.test_cli_phylo.TestCLIArgumentParser" name="test_version_flag" time="0.001" /><testcase classname="tests.test_clustering_coverage.TestClusteringModuleCoverage" name="test_clustering_module_init" time="0.000" /><testcase classname="tests.test_clustering_coverage.TestClusteringModuleCoverage" name="test_ensemble_clustering" time="0.090" /><testcase classname="tests.test_clustering_coverage.TestClusteringModuleCoverage" name="test_assign_outliers_to_clusters" time="0.001" /><testcase classname="tests.test_clustering_coverage.TestTreeAwareClusteringCoverage" name="test_tree_aware_init" time="0.001" /><testcase classname="tests.test_clustering_coverage.TestTreeAwareClusteringCoverage" name="test_tree_cluster_algorithm" time="1.915" /><testcase classname="tests.test_clustering_coverage.TestTreeAwareClusteringCoverage" name="test_evaluate_monophyly" time="0.002" /><testcase classname="tests.test_clustering_coverage.TestTreeAwareClusteringCoverage" name="test_ensure_monophyletic_clusters" time="0.011" /><testcase classname="tests.test_clustering_coverage.TestEvolutionaryAnalysisCoverage" name="test_evolutionary_cluster_analysis" time="0.072" /><testcase classname="tests.test_clustering_coverage.TestEvolutionaryAnalysisCoverage" name="test_calculate_beta_diversity" time="0.146" /><testcase classname="tests.test_clustering_coverage.TestEvolutionaryAnalysisCoverage" name="test_calculate_evolution_rates" time="0.001" /><testcase classname="tests.test_clustering_methods.TestClusteringModuleMethods" name="test_kmodes_clustering" time="0.000" /><testcase classname="tests.test_clustering_methods.TestClusteringModuleMethods" name="test_hierarchical_clustering" time="0.000" /><testcase classname="tests.test_clustering_methods.TestClusteringModuleMethods" name="test_dbscan_clustering" time="0.001" /><testcase classname="tests.test_clustering_methods.TestClusteringModuleMethods" name="test_find_optimal_k" time="0.000" /><testcase classname="tests.test_clustering_methods.TestClusteringModuleMethods" name="test_evaluate_clustering" time="0.000" /><testcase classname="tests.test_clustering_methods.TestClusteringModuleMethods" name="test_ensemble_clustering_full" time="0.334" /><testcase classname="tests.test_clustering_methods.TestTreeAwareClusteringMethods" name="test_tree_cluster_max" time="0.783" /><testcase classname="tests.test_clustering_methods.TestTreeAwareClusteringMethods" name="test_tree_cluster_sum" time="1.303" /><testcase classname="tests.test_clustering_methods.TestTreeAwareClusteringMethods" name="test_tree_cluster_avg" time="1.012" /><testcase classname="tests.test_clustering_methods.TestTreeAwareClusteringMethods" name="test_phydelity_clustering" time="5.720" /><testcase classname="tests.test_clustering_methods.TestTreeAwareClusteringMethods" name="test_evaluate_monophyly" time="0.003" /><testcase classname="tests.test_clustering_methods.TestTreeAwareClusteringMethods" name="test_ensure_monophyletic_clusters" time="0.045" /><testcase classname="tests.test_clustering_methods.TestTreeAwareClusteringMethods" name="test_compare_methods" time="0.272" /><testcase classname="tests.test_clustering_module_real.TestClusteringModuleReal" name="test_init_default" time="0.000" /><testcase classname="tests.test_clustering_module_real.TestClusteringModuleReal" name="test_init_custom_params" time="0.000" /><testcase classname="tests.test_clustering_module_real.TestClusteringModuleReal" name="test_ensemble_clustering_basic" time="0.081" /><testcase classname="tests.test_clustering_module_real.TestClusteringModuleReal" name="test_assign_outliers_to_clusters" time="0.002" /><testcase classname="tests.test_clustering_module_real.TestClusteringWithCombinedData" name="test_combined_clustering" time="0.128" /><testcase classname="tests.test_clustering_module_real.TestClusteringWithCombinedData" name="test_optimize_dbscan" time="0.007" /><testcase classname="tests.test_clustering_module_real.TestConfigWithRealPaths" name="test_config_setup" time="0.000" /><testcase classname="tests.test_clustering_module_real.TestConfigWithRealPaths" name="test_config_tree_file" time="0.000" /><testcase classname="tests.test_comprehensive_real_data" name="test_csv_load[MGE]" time="0.005" /><testcase classname="tests.test_comprehensive_real_data" name="test_csv_load[MIC]" time="0.005" /><testcase classname="tests.test_comprehensive_real_data" name="test_csv_load[Virulence]" time="0.005" /><testcase classname="tests.test_comprehensive_real_data" name="test_csv_load[Plasmid]" time="0.005" /><testcase classname="tests.test_comprehensive_real_data" name="test_csv_load[MLST]" time="0.005" /><testcase classname="tests.test_comprehensive_real_data" name="test_csv_load[Serotype]" time="0.005" /><testcase classname="tests.test_comprehensive_real_data" name="test_csv_load[AMR_genes]" time="0.005" /><testcase classname="tests.test_comprehensive_real_data" name="test_csv_structure[MGE]" time="0.005" /><testcase classname="tests.test_comprehensive_real_data" name="test_csv_structure[MIC]" time="0.005" /><testcase classname="tests.test_comprehensive_real_data" name="test_csv_structure[Virulence]" time="0.005" /><testcase classname="tests.test_comprehensive_real_data" name="test_csv_structure[Plasmid]" time="0.005" /><testcase classname="tests.test_comprehensive_real_data" name="test_csv_structure[MLST]" time="0.005" /><testcase classname="tests.test_comprehensive_real_data" name="test_csv_structure[Serotype]" time="0.005" /><testcase classname="tests.test_comprehensive_real_data" name="test_csv_structure[AMR_genes]" time="0.005" /><testcase classname="tests.test_comprehensive_real_data" name="test_scalability_different_sizes[MGE-1]" time="0.005" /><testcase classname="tests.test_comprehensive_real_data" name="test_scalability_different_sizes[MGE-5]" time="0.005" /><testcase classname="tests.test_comprehensive_real_data" name="test_scalability_different_sizes[MGE-10]" time="0.005" /><testcase classname="tests.test_comprehensive_real_data" name="test_scalability_different_sizes[MIC-1]" time="0.005" /><testcase classname="tests.test_comprehensive_real_data" name="test_scalability_different_sizes[MIC-5]" time="0.005" /><testcase classname="tests.test_comprehensive_real_data" name="test_scalability_different_sizes[MIC-10]" time="0.005" /><testcase classname="tests.test_comprehensive_real_data" name="test_scalability_different_sizes[Virulence-1]" time="0.004" /><testcase classname="tests.test_comprehensive_real_data" name="test_scalability_different_sizes[Virulence-5]" time="0.004" /><testcase classname="tests.test_comprehensive_real_data" name="test_scalability_different_sizes[Virulence-10]" time="0.004" /><testcase classname="tests.test_comprehensive_real_data" name="test_scalability_different_sizes[Plasmid-1]" time="0.005" /><testcase classname="tests.test_comprehensive_real_data" name="test_scalability_different_sizes[Plasmid-5]" time="0.005" /><testcase classname="tests.test_comprehensive_real_data" name="test_scalability_different_sizes[Plasmid-10]" time="0.005" /><testcase classname="tests.test_comprehensive_real_data" name="test_scalability_different_sizes[MLST-1]" time="0.005" /><testcase classname="tests.test_comprehensive_real_data" name="test_scalability_different_sizes[MLST-5]" time="0.005" /><testcase classname="tests.test_comprehensive_real_data" name="test_scalability_different_sizes[MLST-10]" time="0.004" /><testcase classname="tests.test_comprehensive_real_data" name="test_scalability_different_sizes[Serotype-1]" time="0.004" /><testcase classname="tests.test_comprehensive_real_data" name="test_scalability_different_sizes[Serotype-5]" time="0.006" /><testcase classname="tests.test_comprehensive_real_data" name="test_scalability_different_sizes[Serotype-10]" time="0.005" /><testcase classname="tests.test_comprehensive_real_data" name="test_scalability_different_sizes[AMR_genes-1]" time="0.005" /><testcase classname="tests.test_comprehensive_real_data" name="test_scalability_different_sizes[AMR_genes-5]" time="0.005" /><testcase classname="tests.test_comprehensive_real_data" name="test_scalability_different_sizes[AMR_genes-10]" time="0.005" /><testcase classname="tests.test_comprehensive_real_data" name="test_module_imports" time="0.000" /><testcase classname="tests.test_comprehensive_real_data" name="test_config_initialization_variations" time="0.001" /><testcase classname="tests.test_comprehensive_real_data" name="test_analyzer_initialization" time="0.000"><error message="failed on setup with &quot;NameError: name 'tempfile' is not defined. Did you forget to import 'tempfile'?&quot;">tests\test_comprehensive_real_data.py:47: in module_config
    output_dir=str(Path(tempfile.mkdtemp()) / "test_output"),
                        ^^^^^^^^
E   NameError: name 'tempfile' is not defined. Did you forget to import 'tempfile'?</error></testcase><testcase classname="tests.test_comprehensive_real_data" name="test_data_to_analysis_setup" time="0.005"><error message="failed on setup with &quot;NameError: name 'tempfile' is not defined. Did you forget to import 'tempfile'?&quot;">tests\test_comprehensive_real_data.py:47: in module_config
    output_dir=str(Path(tempfile.mkdtemp()) / "test_output"),
                        ^^^^^^^^
E   NameError: name 'tempfile' is not defined. Did you forget to import 'tempfile'?</error></testcase><testcase classname="tests.test_comprehensive_real_data" name="test_config_validation_errors" time="0.001" /><testcase classname="tests.test_comprehensive_real_data" name="test_cross_csv_strain_alignment" time="0.005" /><testcase classname="tests.test_comprehensive_real_data" name="test_core_module_functions_exist" time="0.004" /><testcase classname="tests.test_comprehensive_real_data" name="test_cli_help_invocation" time="0.001" /><testcase classname="tests.test_comprehensive_real_data" name="test_empty_dataframe_handling" time="0.000" /><testcase classname="tests.test_comprehensive_real_data" name="test_single_row_dataframe" time="0.000" /><testcase classname="tests.test_comprehensive_real_data" name="test_config_to_dict_and_back" time="0.001" /><testcase classname="tests.test_comprehensive_real_data" name="test_mini_analysis_with_real_data" time="0.005" /><testcase classname="tests.test_comprehensive_real_data" name="test_coverage_boost_summary" time="0.000" /><testcase classname="tests.test_config" name="test_config_defaults" time="0.001" /><testcase classname="tests.test_config" name="test_config_custom_values" time="0.001" /><testcase classname="tests.test_config" name="test_config_data_dir_validation" time="0.000" /><testcase classname="tests.test_config" name="test_config_fdr_alpha_validation" time="0.001" /><testcase classname="tests.test_config" name="test_config_bootstrap_validation" time="0.001" /><testcase classname="tests.test_config" name="test_config_output_dir_creation" time="0.001" /><testcase classname="tests.test_config" name="test_config_from_dict" time="0.001" /><testcase classname="tests.test_config" name="test_config_reporting_parameters" time="0.001" /><testcase classname="tests.test_config" name="test_config_parallel_processing" time="0.001" /><testcase classname="tests.test_config_extended" name="test_config_with_string_paths" time="0.002" /><testcase classname="tests.test_config_extended" name="test_config_with_pathlib_paths" time="0.001" /><testcase classname="tests.test_config_extended" name="test_config_default_values" time="0.001" /><testcase classname="tests.test_config_extended" name="test_config_attribute_access" time="0.001" /><testcase classname="tests.test_config_extended" name="test_config_with_absolute_paths" time="0.001" /><testcase classname="tests.test_config_extended" name="test_config_creates_output_dir" time="0.001" /><testcase classname="tests.test_config_extended" name="test_config_repr_method" time="0.001" /><testcase classname="tests.test_config_extended" name="test_config_immutability_attempt" time="0.001" /><testcase classname="tests.test_config_extended" name="test_config_with_nested_directories" time="0.001" /><testcase classname="tests.test_config_extended" name="test_config_parameter_types" time="0.001" /><testcase classname="tests.test_config_full.TestConfigFull" name="test_default_config" time="0.001" /><testcase classname="tests.test_config_full.TestConfigFull" name="test_custom_config" time="0.001" /><testcase classname="tests.test_config_full.TestConfigFull" name="test_config_with_all_files" time="0.001" /><testcase classname="tests.test_config_full.TestConfigFull" name="test_config_paths" time="0.001" /><testcase classname="tests.test_config_full.TestConfigFull" name="test_config_validation" time="0.001" /><testcase classname="tests.test_config_full.TestConfigFull" name="test_config_to_dict" time="0.001" /><testcase classname="tests.test_config_full.TestConfigFull" name="test_config_from_dict" time="0.001" /><testcase classname="tests.test_core_classes.TestSetupLogging" name="test_setup_logging_basic" time="0.001" /><testcase classname="tests.test_core_classes.TestPrintMemoryUsage" name="test_print_memory_usage_basic" time="0.001" /><testcase classname="tests.test_core_classes.TestPrintSectionHeader" name="test_print_section_header_basic" time="0.000" /><testcase classname="tests.test_core_classes.TestPrintStep" name="test_print_step_basic" time="0.000" /><testcase classname="tests.test_core_classes.TestCreateTemplateDirectory" name="test_create_template_directory_basic" time="0.005" /><testcase classname="tests.test_core_classes.TestParallelProcessor" name="test_parallel_bootstrap_basic" time="0.009"><skipped type="pytest.skip" message="parallel_bootstrap may fail with local functions">C:\Users\ABC\Documents\GitHub\MKrep\separated_repos\strepsuis-phylotrait\tests\test_core_classes.py:132: parallel_bootstrap may fail with local functions</skipped></testcase><testcase classname="tests.test_core_classes.TestPhylogeneticCore" name="test_load_tree_basic" time="0.011" /><testcase classname="tests.test_core_classes.TestPhylogeneticCore" name="test_tree_to_distance_matrix_basic" time="0.001" /><testcase classname="tests.test_core_classes.TestClusteringModule" name="test_clustering_module_init" time="0.000" /><testcase classname="tests.test_core_classes.TestDataLoader" name="test_data_loader_init" time="0.002" /><testcase classname="tests.test_core_classes.TestConfig" name="test_config_init" time="0.000" /><testcase classname="tests.test_core_classes.TestConfig" name="test_config_default_values" time="0.000" /><testcase classname="tests.test_coverage_boost_phylo_core" name="test_setup_logging" time="0.001" /><testcase classname="tests.test_coverage_boost_phylo_core" name="test_safe_log" time="0.000" /><testcase classname="tests.test_coverage_boost_phylo_core" name="test_print_memory_usage" time="0.001" /><testcase classname="tests.test_coverage_boost_phylo_core" name="test_print_section_header" time="0.001" /><testcase classname="tests.test_coverage_boost_phylo_core" name="test_print_step" time="0.002" /><testcase classname="tests.test_coverage_boost_phylo_core" name="test_create_template_directory" time="0.003" /><testcase classname="tests.test_coverage_boost_phylo_core" name="test_config_initialization" time="0.001" /><testcase classname="tests.test_coverage_boost_phylo_core" name="test_config_attributes" time="0.001" /><testcase classname="tests.test_coverage_boost_phylo_core" name="test_parallel_processor_initialization" time="0.000" /><testcase classname="tests.test_coverage_boost_phylo_core" name="test_parallel_processor_map" time="0.000" /><testcase classname="tests.test_coverage_boost_phylo_core" name="test_parallel_processor_parallel_bootstrap" time="0.000" /><testcase classname="tests.test_coverage_boost_phylo_core" name="test_phylogenetic_core_load_tree" time="0.001" /><testcase classname="tests.test_coverage_boost_phylo_core" name="test_phylogenetic_core_load_tree_invalid" time="0.000" /><testcase classname="tests.test_coverage_boost_phylo_core" name="test_phylogenetic_core_compute_distance_matrix" time="0.001" /><testcase classname="tests.test_coverage_boost_phylo_core" name="test_phylogenetic_core_dimension_reduction" time="0.005" /><testcase classname="tests.test_coverage_boost_phylo_core" name="test_phylogenetic_core_detect_outliers" time="0.091" /><testcase classname="tests.test_coverage_boost_phylo_core" name="test_phylogenetic_core_parallel_distance_matrix" time="0.002" /><testcase classname="tests.test_coverage_boost_phylo_core" name="test_tree_aware_clustering_init" time="0.001" /><testcase classname="tests.test_coverage_boost_phylo_core" name="test_tree_cluster_algorithm" time="0.001" /><testcase classname="tests.test_coverage_boost_phylo_core" name="test_tree_cluster_auto_threshold_max" time="0.002" /><testcase classname="tests.test_coverage_boost_phylo_core" name="test_tree_cluster_auto_threshold_sum" time="0.002" /><testcase classname="tests.test_coverage_boost_phylo_core" name="test_tree_cluster_auto_threshold_avg" time="0.001" /><testcase classname="tests.test_coverage_boost_phylo_core" name="test_tree_cluster_monophyly" time="0.001" /><testcase classname="tests.test_coverage_boost_phylo_core" name="test_tree_cluster_evaluate_monophyly" time="0.001" /><testcase classname="tests.test_coverage_boost_phylo_core" name="test_clustering_module_init" time="0.000" /><testcase classname="tests.test_coverage_boost_phylo_core" name="test_clustering_ensemble" time="0.000" /><testcase classname="tests.test_coverage_boost_phylo_core" name="test_clustering_optimize_dbscan" time="0.021" /><testcase classname="tests.test_coverage_boost_phylo_core" name="test_clustering_assign_outliers" time="0.000" /><testcase classname="tests.test_coverage_boost_phylo_core" name="test_evolutionary_analysis_evolutionary_cluster_analysis" time="0.002" /><testcase classname="tests.test_coverage_boost_phylo_core" name="test_evolutionary_analysis_calculate_beta_diversity" time="0.001" /><testcase classname="tests.test_coverage_boost_phylo_core" name="test_evolutionary_analysis_phylogenetic_signal" time="0.001" /><testcase classname="tests.test_coverage_boost_phylo_core" name="test_data_loader_init" time="0.001" /><testcase classname="tests.test_coverage_boost_phylo_core" name="test_data_loader_load_csv" time="0.002" /><testcase classname="tests.test_coverage_boost_phylo_core" name="test_data_loader_load_and_merge_data" time="0.003" /><testcase classname="tests.test_coverage_boost_phylo_core" name="test_data_loader_with_config_object" time="0.000" /><testcase classname="tests.test_coverage_boost_phylo_core" name="test_visualizer_init" time="0.001" /><testcase classname="tests.test_coverage_boost_phylo_core" name="test_visualizer_plot_umap_clusters" time="0.223" /><testcase classname="tests.test_coverage_boost_phylo_core" name="test_visualizer_plot_phylogenetic_tree" time="0.227" /><testcase classname="tests.test_coverage_boost_phylo_core" name="test_visualizer_plot_cluster_distribution" time="0.181" /><testcase classname="tests.test_coverage_boost_phylo_core" name="test_trait_analyzer_init" time="0.001" /><testcase classname="tests.test_coverage_boost_phylo_core" name="test_trait_analyzer_analyze_all_categories" time="0.001" /><testcase classname="tests.test_coverage_boost_phylo_core" name="test_trait_analyzer_log_odds_ratio_analysis" time="0.003" /><testcase classname="tests.test_coverage_boost_phylo_core" name="test_trait_analyzer_association_rule_mining" time="0.002" /><testcase classname="tests.test_coverage_boost_phylo_core" name="test_trait_analyzer_bootstrap_feature_importance" time="0.445" /><testcase classname="tests.test_coverage_boost_phylo_core" name="test_bootstrap_importance_func" time="0.042" /><testcase classname="tests.test_coverage_boost_phylo_core" name="test_mca_analyzer_init" time="0.001" /><testcase classname="tests.test_coverage_boost_phylo_core" name="test_mca_analyzer_perform_analysis" time="0.009" /><testcase classname="tests.test_coverage_boost_phylo_core" name="test_html_report_generator_init" time="0.001" /><testcase classname="tests.test_coverage_boost_phylo_core" name="test_html_report_generator_create_report" time="0.007" /><testcase classname="tests.test_coverage_boost_phylo_core" name="test_phylogenetic_analysis_init" time="0.002" /><testcase classname="tests.test_coverage_boost_phylo_core" name="test_phylogenetic_analysis_determine_adaptive_cluster_range" time="0.126" /><testcase classname="tests.test_coverage_boost_phylo_core" name="test_phylogenetic_analysis_determine_optimal_clusters" time="0.021" /><testcase classname="tests.test_coverage_boost_phylo_core" name="test_phylogenetic_analysis_test_multiple_clustering_methods" time="0.116" /><testcase classname="tests.test_coverage_boost_phylo_core" name="test_phylogenetic_analysis_run_complete_analysis_real_data" time="39.330" /><testcase classname="tests.test_coverage_boost_phylo_core" name="test_phylogenetic_core_empty_strain_list" time="0.002" /><testcase classname="tests.test_coverage_boost_phylo_core" name="test_clustering_single_cluster" time="0.000" /><testcase classname="tests.test_coverage_boost_phylo_core" name="test_trait_analyzer_label_shared_unique" time="0.003" /><testcase classname="tests.test_coverage_boost_phylo_core" name="test_data_loader_missing_file" time="0.001" /><testcase classname="tests.test_coverage_boost_phylo_core" name="test_phylogenetic_analysis_invalid_tree_file" time="0.002" /><testcase classname="tests.test_coverage_boost_phylo_core" name="test_trait_analyzer_pairwise_fdr" time="0.001" /><testcase classname="tests.test_coverage_boost_phylo_core" name="test_evolutionary_analysis_cluster_metrics" time="0.001" /><testcase classname="tests.test_coverage_boost_phylo_core" name="test_visualizer_multiple_plots" time="0.430" /><testcase classname="tests.test_coverage_boost_phylo_core" name="test_parallel_processor_large_dataset" time="0.000" /><testcase classname="tests.test_coverage_boost_phylo_core" name="test_clustering_module_ensemble_clustering" time="0.526" /><testcase classname="tests.test_coverage_boost_phylo_core" name="test_config_various_parameters" time="0.000" /><testcase classname="tests.test_coverage_boost_phylo_core" name="test_phylogenetic_analysis_step_tracking" time="0.002" /><testcase classname="tests.test_coverage_boost_phylo_core" name="test_phylogenetic_core_invalid_newick" time="0.001" /><testcase classname="tests.test_coverage_boost_phylo_core" name="test_data_loader_invalid_csv_format" time="0.002" /><testcase classname="tests.test_coverage_boost_phylo_core" name="test_clustering_with_insufficient_data" time="0.000" /><testcase classname="tests.test_coverage_boost_phylo_core" name="test_html_report_generator_all_sections" time="0.005" /><testcase classname="tests.test_coverage_boost_phylo_core" name="test_trait_analyzer_pairwise_fdr_posthoc" time="0.005" /><testcase classname="tests.test_coverage_boost_phylo_core" name="test_trait_analyzer_bootstrap_log_odds" time="0.004" /><testcase classname="tests.test_coverage_boost_phylo_core" name="test_html_report_generator_scan_results" time="0.004" /><testcase classname="tests.test_coverage_boost_phylo_core" name="test_html_report_generator_generate_download_section" time="0.001" /><testcase classname="tests.test_coverage_boost_phylo_core" name="test_html_report_generator_excel_report" time="0.002" /><testcase classname="tests.test_coverage_boost_phylo_core" name="test_phylogenetic_analysis_save_clustering_results" time="0.002" /><testcase classname="tests.test_coverage_boost_phylo_core" name="test_phylogenetic_analysis_print_execution_summary" time="0.002" /><testcase classname="tests.test_coverage_boost_phylo_core" name="test_tree_aware_clustering_phydelity" time="0.002" /><testcase classname="tests.test_coverage_boost_phylo_core" name="test_tree_aware_clustering_ensure_monophyletic" time="0.001" /><testcase classname="tests.test_coverage_boost_phylo_core" name="test_tree_aware_clustering_refine_cluster" time="0.001" /><testcase classname="tests.test_coverage_boost_phylo_core" name="test_parallel_processor_static_methods" time="0.007" /><testcase classname="tests.test_coverage_boost_phylo_core" name="test_parallel_processor_feature_importance" time="6.915" /><testcase classname="tests.test_coverage_boost_phylo_core" name="test_visualizer_df_to_interactive_table" time="0.001" /><testcase classname="tests.test_data_loader_extended.TestDataLoaderBasic" name="test_init" time="0.001" /><testcase classname="tests.test_data_loader_extended.TestDataLoaderBasic" name="test_load_csv" time="0.003" /><testcase classname="tests.test_data_loader_extended.TestDataLoaderBasic" name="test_load_multiple_csvs" time="0.003" /><testcase classname="tests.test_data_loader_extended.TestDataLoaderRealData" name="test_load_real_data" time="0.118" /><testcase classname="tests.test_data_loader_extended.TestDataLoaderRealData" name="test_load_and_merge_with_clusters" time="0.150" /><testcase classname="tests.test_data_loader_extended.TestDataLoaderRealData" name="test_validate_data" time="0.095" /><testcase classname="tests.test_data_loader_extended.TestDataLoaderEdgeCases" name="test_empty_directory" time="0.001" /><testcase classname="tests.test_data_loader_extended.TestDataLoaderEdgeCases" name="test_missing_files" time="0.002" /><testcase classname="tests.test_data_loader_extended.TestDataLoaderEdgeCases" name="test_malformed_csv" time="0.002" /><testcase classname="tests.test_data_operations.TestDataLoaderDetailed" name="test_data_loader_init" time="0.003" /><testcase classname="tests.test_data_operations.TestDataLoaderDetailed" name="test_data_loader_has_folder" time="0.002" /><testcase classname="tests.test_data_operations.TestClusteringOperations" name="test_binary_data_validation" time="0.001" /><testcase classname="tests.test_data_operations.TestClusteringOperations" name="test_hamming_distance_calculation" time="0.001" /><testcase classname="tests.test_data_operations.TestClusteringOperations" name="test_kmodes_like_clustering" time="0.004" /><testcase classname="tests.test_data_operations.TestDistanceMatrixOperations" name="test_distance_matrix_from_tree" time="0.000" /><testcase classname="tests.test_data_operations.TestDistanceMatrixOperations" name="test_distance_matrix_symmetry" time="0.000" /><testcase classname="tests.test_data_operations.TestTraitDataOperations" name="test_trait_prevalence" time="0.001" /><testcase classname="tests.test_data_operations.TestTraitDataOperations" name="test_trait_cooccurrence" time="0.001" /><testcase classname="tests.test_data_operations.TestTraitDataOperations" name="test_trait_correlation" time="0.000" /><testcase classname="tests.test_data_validation" name="test_example_data_exists" time="0.000" /><testcase classname="tests.test_data_validation" name="test_mic_data_loads" time="0.001" /><testcase classname="tests.test_data_validation" name="test_amr_genes_data_loads" time="0.001" /><testcase classname="tests.test_data_validation" name="test_all_required_files_present" time="0.000" /><testcase classname="tests.test_data_validation" name="test_data_consistency" time="0.001" /><testcase classname="tests.test_data_validation" name="test_no_completely_empty_columns" time="0.011" /><testcase classname="tests.test_data_validation" name="test_csv_files_readable" time="0.004" /><testcase classname="tests.test_data_validation" name="test_data_files_not_corrupted" time="0.006" /><testcase classname="tests.test_end_to_end" name="test_mini_pipeline_execution" time="97.348"><skipped type="pytest.skip" message="Mini dataset may not meet analysis requirements: No columns to parse from file">C:\Users\ABC\Documents\GitHub\MKrep\separated_repos\strepsuis-phylotrait\tests\test_end_to_end.py:131: Mini dataset may not meet analysis requirements: No columns to parse from file</skipped></testcase><testcase classname="tests.test_end_to_end" name="test_full_pipeline_with_validation" time="224.266" /><testcase classname="tests.test_end_to_end" name="test_output_file_validation" time="111.599"><skipped type="pytest.skip" message="Analysis requires specific data: No columns to parse from file">C:\Users\ABC\Documents\GitHub\MKrep\separated_repos\strepsuis-phylotrait\tests\test_end_to_end.py:217: Analysis requires specific data: No columns to parse from file</skipped></testcase><testcase classname="tests.test_end_to_end" name="test_data_preprocessing_pipeline" time="0.010" /><testcase classname="tests.test_end_to_end" name="test_error_handling_missing_files" time="0.002" /><testcase classname="tests.test_end_to_end" name="test_reproducibility" time="110.342"><skipped type="pytest.skip" message="Analysis requires specific data: No columns to parse from file">C:\Users\ABC\Documents\GitHub\MKrep\separated_repos\strepsuis-phylotrait\tests\test_end_to_end.py:322: Analysis requires specific data: No columns to parse from file</skipped></testcase><testcase time="0.009" /><testcase classname="pytest" name="internal" time="0.000"><error message="internal error">Traceback (most recent call last):
  File "C:\Users\ABC\AppData\Local\Python\pythoncore-3.14-64\Lib\site-packages\_pytest\main.py", line 318, in wrap_session
    session.exitstatus = doit(config, session) or 0
                         ~~~~^^^^^^^^^^^^^^^^^
  File "C:\Users\ABC\AppData\Local\Python\pythoncore-3.14-64\Lib\site-packages\_pytest\main.py", line 372, in _main
    config.hook.pytest_runtestloop(session=session)
    ~~~~~~~~~~~~~~~~~~~~~~~~~~~~~~^^^^^^^^^^^^^^^^^
  File "C:\Users\ABC\AppData\Local\Python\pythoncore-3.14-64\Lib\site-packages\pluggy\_hooks.py", line 512, in __call__
    return self._hookexec(self.name, self._hookimpls.copy(), kwargs, firstresult)
           ~~~~~~~~~~~~~~^^^^^^^^^^^^^^^^^^^^^^^^^^^^^^^^^^^^^^^^^^^^^^^^^^^^^^^^
  File "C:\Users\ABC\AppData\Local\Python\pythoncore-3.14-64\Lib\site-packages\pluggy\_manager.py", line 120, in _hookexec
    return self._inner_hookexec(hook_name, methods, kwargs, firstresult)
           ~~~~~~~~~~~~~~~~~~~~^^^^^^^^^^^^^^^^^^^^^^^^^^^^^^^^^^^^^^^^^
  File "C:\Users\ABC\AppData\Local\Python\pythoncore-3.14-64\Lib\site-packages\pluggy\_callers.py", line 167, in _multicall
    raise exception
  File "C:\Users\ABC\AppData\Local\Python\pythoncore-3.14-64\Lib\site-packages\pluggy\_callers.py", line 139, in _multicall
    teardown.throw(exception)
    ~~~~~~~~~~~~~~^^^^^^^^^^^
  File "C:\Users\ABC\AppData\Local\Python\pythoncore-3.14-64\Lib\site-packages\_pytest\logging.py", line 801, in pytest_runtestloop
    return (yield)  # Run all the tests.
            ^^^^^
  File "C:\Users\ABC\AppData\Local\Python\pythoncore-3.14-64\Lib\site-packages\pluggy\_callers.py", line 139, in _multicall
    teardown.throw(exception)
    ~~~~~~~~~~~~~~^^^^^^^^^^^
  File "C:\Users\ABC\AppData\Local\Python\pythoncore-3.14-64\Lib\site-packages\_pytest\terminal.py", line 707, in pytest_runtestloop
    result = yield
             ^^^^^
  File "C:\Users\ABC\AppData\Local\Python\pythoncore-3.14-64\Lib\site-packages\pluggy\_callers.py", line 139, in _multicall
    teardown.throw(exception)
    ~~~~~~~~~~~~~~^^^^^^^^^^^
  File "C:\Users\ABC\AppData\Local\Python\pythoncore-3.14-64\Lib\site-packages\pytest_cov\plugin.py", line 345, in pytest_runtestloop
    result = yield
             ^^^^^
  File "C:\Users\ABC\AppData\Local\Python\pythoncore-3.14-64\Lib\site-packages\pluggy\_callers.py", line 121, in _multicall
    res = hook_impl.function(*args)
  File "C:\Users\ABC\AppData\Local\Python\pythoncore-3.14-64\Lib\site-packages\_pytest\main.py", line 396, in pytest_runtestloop
    item.config.hook.pytest_runtest_protocol(item=item, nextitem=nextitem)
    ~~~~~~~~~~~~~~~~~~~~~~~~~~~~~~~~~~~~~~~~^^^^^^^^^^^^^^^^^^^^^^^^^^^^^^
  File "C:\Users\ABC\AppData\Local\Python\pythoncore-3.14-64\Lib\site-packages\pluggy\_hooks.py", line 512, in __call__
    return self._hookexec(self.name, self._hookimpls.copy(), kwargs, firstresult)
           ~~~~~~~~~~~~~~^^^^^^^^^^^^^^^^^^^^^^^^^^^^^^^^^^^^^^^^^^^^^^^^^^^^^^^^
  File "C:\Users\ABC\AppData\Local\Python\pythoncore-3.14-64\Lib\site-packages\pluggy\_manager.py", line 120, in _hookexec
    return self._inner_hookexec(hook_name, methods, kwargs, firstresult)
           ~~~~~~~~~~~~~~~~~~~~^^^^^^^^^^^^^^^^^^^^^^^^^^^^^^^^^^^^^^^^^
  File "C:\Users\ABC\AppData\Local\Python\pythoncore-3.14-64\Lib\site-packages\pluggy\_callers.py", line 167, in _multicall
    raise exception
  File "C:\Users\ABC\AppData\Local\Python\pythoncore-3.14-64\Lib\site-packages\pluggy\_callers.py", line 139, in _multicall
    teardown.throw(exception)
    ~~~~~~~~~~~~~~^^^^^^^^^^^
  File "C:\Users\ABC\AppData\Local\Python\pythoncore-3.14-64\Lib\site-packages\_pytest\warnings.py", line 89, in pytest_runtest_protocol
    return (yield)
            ^^^^^
  File "C:\Users\ABC\AppData\Local\Python\pythoncore-3.14-64\Lib\site-packages\pluggy\_callers.py", line 139, in _multicall
    teardown.throw(exception)
    ~~~~~~~~~~~~~~^^^^^^^^^^^
  File "C:\Users\ABC\AppData\Local\Python\pythoncore-3.14-64\Lib\site-packages\_pytest\assertion\__init__.py", line 192, in pytest_runtest_protocol
    return (yield)
            ^^^^^
  File "C:\Users\ABC\AppData\Local\Python\pythoncore-3.14-64\Lib\site-packages\pluggy\_callers.py", line 139, in _multicall
    teardown.throw(exception)
    ~~~~~~~~~~~~~~^^^^^^^^^^^
  File "C:\Users\ABC\AppData\Local\Python\pythoncore-3.14-64\Lib\site-packages\pluggy\_callers.py", line 53, in run_old_style_hookwrapper
    return result.get_result()
           ~~~~~~~~~~~~~~~~~^^
  File "C:\Users\ABC\AppData\Local\Python\pythoncore-3.14-64\Lib\site-packages\pluggy\_result.py", line 103, in get_result
    raise exc.with_traceback(tb)
  File "C:\Users\ABC\AppData\Local\Python\pythoncore-3.14-64\Lib\site-packages\pluggy\_callers.py", line 38, in run_old_style_hookwrapper
    res = yield
          ^^^^^
  File "C:\Users\ABC\AppData\Local\Python\pythoncore-3.14-64\Lib\site-packages\pluggy\_callers.py", line 139, in _multicall
    teardown.throw(exception)
    ~~~~~~~~~~~~~~^^^^^^^^^^^
  File "C:\Users\ABC\AppData\Local\Python\pythoncore-3.14-64\Lib\site-packages\_pytest\unittest.py", line 587, in pytest_runtest_protocol
    return (yield)
            ^^^^^
  File "C:\Users\ABC\AppData\Local\Python\pythoncore-3.14-64\Lib\site-packages\pluggy\_callers.py", line 139, in _multicall
    teardown.throw(exception)
    ~~~~~~~~~~~~~~^^^^^^^^^^^
  File "C:\Users\ABC\AppData\Local\Python\pythoncore-3.14-64\Lib\site-packages\_pytest\faulthandler.py", line 102, in pytest_runtest_protocol
    return (yield)
            ^^^^^
  File "C:\Users\ABC\AppData\Local\Python\pythoncore-3.14-64\Lib\site-packages\pluggy\_callers.py", line 121, in _multicall
    res = hook_impl.function(*args)
  File "C:\Users\ABC\AppData\Local\Python\pythoncore-3.14-64\Lib\site-packages\_pytest\runner.py", line 118, in pytest_runtest_protocol
    runtestprotocol(item, nextitem=nextitem)
    ~~~~~~~~~~~~~~~^^^^^^^^^^^^^^^^^^^^^^^^^
  File "C:\Users\ABC\AppData\Local\Python\pythoncore-3.14-64\Lib\site-packages\_pytest\runner.py", line 137, in runtestprotocol
    reports.append(call_and_report(item, "call", log))
                   ~~~~~~~~~~~~~~~^^^^^^^^^^^^^^^^^^^
  File "C:\Users\ABC\AppData\Local\Python\pythoncore-3.14-64\Lib\site-packages\_pytest\runner.py", line 251, in call_and_report
    ihook.pytest_runtest_logreport(report=report)
    ~~~~~~~~~~~~~~~~~~~~~~~~~~~~~~^^^^^^^^^^^^^^^
  File "C:\Users\ABC\AppData\Local\Python\pythoncore-3.14-64\Lib\site-packages\pluggy\_hooks.py", line 512, in __call__
    return self._hookexec(self.name, self._hookimpls.copy(), kwargs, firstresult)
           ~~~~~~~~~~~~~~^^^^^^^^^^^^^^^^^^^^^^^^^^^^^^^^^^^^^^^^^^^^^^^^^^^^^^^^
  File "C:\Users\ABC\AppData\Local\Python\pythoncore-3.14-64\Lib\site-packages\pluggy\_manager.py", line 120, in _hookexec
    return self._inner_hookexec(hook_name, methods, kwargs, firstresult)
           ~~~~~~~~~~~~~~~~~~~~^^^^^^^^^^^^^^^^^^^^^^^^^^^^^^^^^^^^^^^^^
  File "C:\Users\ABC\AppData\Local\Python\pythoncore-3.14-64\Lib\site-packages\pluggy\_callers.py", line 167, in _multicall
    raise exception
  File "C:\Users\ABC\AppData\Local\Python\pythoncore-3.14-64\Lib\site-packages\pluggy\_callers.py", line 121, in _multicall
    res = hook_impl.function(*args)
  File "C:\Users\ABC\AppData\Local\Python\pythoncore-3.14-64\Lib\site-packages\_pytest\terminal.py", line 685, in pytest_runtest_logreport
    self._write_progress_information_filling_space()
    ~~~~~~~~~~~~~~~~~~~~~~~~~~~~~~~~~~~~~~~~~~~~~~^^
  File "C:\Users\ABC\AppData\Local\Python\pythoncore-3.14-64\Lib\site-packages\_pytest\terminal.py", line 785, in _write_progress_information_filling_space
    self.write(msg.rjust(fill), flush=True, **{color: True})
    ~~~~~~~~~~^^^^^^^^^^^^^^^^^^^^^^^^^^^^^^^^^^^^^^^^^^^^^^
  File "C:\Users\ABC\AppData\Local\Python\pythoncore-3.14-64\Lib\site-packages\_pytest\terminal.py", line 525, in write
    self._tw.write(content, flush=flush, **markup)
    ~~~~~~~~~~~~~~^^^^^^^^^^^^^^^^^^^^^^^^^^^^^^^^
  File "C:\Users\ABC\AppData\Local\Python\pythoncore-3.14-64\Lib\site-packages\_pytest\_io\terminalwriter.py", line 164, in write
    self.write_raw(msg, flush=flush)
    ~~~~~~~~~~~~~~^^^^^^^^^^^^^^^^^^
  File "C:\Users\ABC\AppData\Local\Python\pythoncore-3.14-64\Lib\site-packages\_pytest\_io\terminalwriter.py", line 180, in write_raw
    self.flush()
    ~~~~~~~~~~^^
  File "C:\Users\ABC\AppData\Local\Python\pythoncore-3.14-64\Lib\site-packages\_pytest\_io\terminalwriter.py", line 187, in flush
    self._file.flush()
    ~~~~~~~~~~~~~~~~^^
OSError: [Errno 22] Invalid argument</error></testcase></testsuite></testsuites>